10	-112.771	-88.94
10.15349	-112.687	-88.85
10.30933	-112.582	-88.73
10.46757	-112.463	-88.6
10.62824	-112.337	-88.46
10.79137	-112.206	-88.31
10.957	-112.073	-88.16
11.12518	-111.938	-88
11.29594	-111.801	-87.84
11.46932	-111.664	-87.68
11.64536	-111.527	-87.52
11.8241	-111.389	-87.35
12.00559	-111.251	-87.18
12.18986	-111.113	-87.01
12.37696	-110.975	-86.83
12.56693	-110.836	-86.66
12.75982	-110.697	-86.48
12.95567	-110.558	-86.29
13.15453	-110.419	-86.11
13.35643	-110.279	-85.92
13.56144	-110.14	-85.73
13.76959	-110	-85.54
13.98094	-109.86	-85.34
14.19553	-109.719	-85.15
14.41342	-109.579	-84.95
14.63465	-109.438	-84.74
14.85927	-109.297	-84.54
15.08735	-109.156	-84.33
15.31892	-109.015	-84.12
15.55405	-108.873	-83.91
15.79278	-108.731	-83.69
16.03519	-108.589	-83.47
16.28131	-108.446	-83.25
16.53121	-108.303	-83.02
16.78494	-108.16	-82.8
17.04257	-108.016	-82.57
17.30416	-107.873	-82.33
17.56976	-107.728	-82.09
17.83943	-107.584	-81.85
18.11325	-107.439	-81.61
18.39127	-107.294	-81.36
18.67355	-107.148	-81.12
18.96017	-107.002	-80.86
19.25119	-106.856	-80.61
19.54667	-106.71	-80.35
19.84669	-106.562	-80.09
20.15131	-106.415	-79.83
20.46061	-106.267	-79.56
20.77466	-106.118	-79.29
21.09353	-105.969	-79.02
21.41729	-105.82	-78.75
21.74602	-105.67	-78.47
22.0798	-105.52	-78.19
22.4187	-105.37	-77.9
22.7628	-105.219	-77.61
23.11218	-105.067	-77.32
23.46693	-104.915	-77.03
23.82712	-104.763	-76.73
24.19284	-104.609	-76.43
24.56417	-104.456	-76.13
24.94121	-104.302	-75.82
25.32402	-104.147	-75.51
25.71272	-103.992	-75.2
26.10738	-103.836	-74.88
26.5081	-103.68	-74.56
26.91497	-103.523	-74.24
27.32808	-103.365	-73.91
27.74754	-103.207	-73.59
28.17343	-103.048	-73.26
28.60586	-102.888	-72.92
29.04493	-102.727	-72.59
29.49074	-102.566	-72.25
29.94339	-102.405	-71.91
30.40298	-102.242	-71.56
30.86964	-102.079	-71.22
31.34345	-101.915	-70.87
31.82454	-101.751	-70.52
32.31301	-101.586	-70.16
32.80898	-101.42	-69.8
33.31256	-101.253	-69.44
33.82387	-101.085	-69.08
34.34302	-100.916	-68.72
34.87015	-100.747	-68.35
35.40537	-100.577	-67.98
35.9488	-100.406	-67.61
36.50057	-100.234	-67.24
37.06082	-100.062	-66.86
37.62966	-99.889	-66.48
38.20723	-99.714	-66.1
38.79367	-99.539	-65.72
39.38911	-99.363	-65.34
39.99369	-99.187	-64.96
40.60754	-99.009	-64.57
41.23082	-98.83	-64.18
41.86367	-98.651	-63.8
42.50623	-98.47	-63.41
43.15865	-98.289	-63.02
43.82109	-98.106	-62.62
44.4937	-97.923	-62.23
45.17662	-97.738	-61.84
45.87003	-97.553	-61.44
46.57409	-97.367	-61.04
47.28895	-97.179	-60.65
48.01478	-96.991	-60.25
48.75175	-96.802	-59.85
49.50004	-96.611	-59.45
50.25981	-96.42	-59.06
51.03124	-96.228	-58.66
51.81451	-96.035	-58.26
52.6098	-95.841	-57.86
53.4173	-95.646	-57.46
54.2372	-95.45	-57.06
55.06968	-95.253	-56.66
55.91494	-95.055	-56.27
56.77317	-94.856	-55.87
57.64457	-94.655	-55.47
58.52935	-94.454	-55.08
59.42771	-94.252	-54.68
60.33986	-94.049	-54.29
61.26601	-93.844	-53.9
62.20637	-93.639	-53.51
63.16117	-93.432	-53.12
64.13062	-93.225	-52.73
65.11495	-93.016	-52.35
66.1144	-92.805	-51.96
67.12918	-92.593	-51.58
68.15953	-92.377	-51.2
69.20571	-92.158	-50.82
70.26794	-91.934	-50.44
71.34647	-91.701	-50.07
72.44156	-91.456	-49.7
73.55345	-91.189	-49.33
74.68242	-90.89	-48.96
75.82871	-90.54	-48.59
76.99259	-90.121	-48.23
78.17434	-89.622	-47.87
79.37423	-89.042	-47.51
80.59253	-88.383	-47.15
81.82954	-87.655	-46.79
83.08553	-86.865	-46.44
84.3608	-86.025	-46.09
85.65564	-85.145	-45.74
86.97036	-84.236	-45.39
88.30526	-83.305	-45.06
89.66064	-82.36	-44.72
91.03683	-81.407	-44.39
92.43414	-80.452	-44.06
93.8529	-79.5	-43.74
95.29344	-78.552	-43.42
96.75609	-77.612	-43.1
98.24118	-76.682	-42.79
99.74907	-75.764	-42.49
101.28011	-74.859	-42.19
102.83465	-73.966	-41.89
104.41304	-73.088	-41.6
106.01566	-72.224	-41.31
107.64289	-71.375	-41.03
109.29508	-70.54	-40.75
110.97264	-69.72	-40.48
112.67594	-68.915	-40.21
114.40539	-68.124	-39.95
116.16139	-67.347	-39.69
117.94433	-66.585	-39.43
119.75464	-65.837	-39.18
121.59274	-65.102	-38.94
123.45905	-64.381	-38.7
125.35401	-63.674	-38.47
127.27805	-62.98	-38.24
129.23163	-62.299	-38.01
131.21519	-61.632	-37.79
133.22919	-60.977	-37.57
135.27411	-60.335	-37.36
137.35042	-59.705	-37.16
139.45859	-59.088	-36.96
141.59912	-58.482	-36.76
143.77251	-57.887	-36.57
145.97925	-57.302	-36.39
148.21987	-56.724	-36.21
150.49488	-56.15	-36.04
152.80481	-55.576	-35.87
155.15019	-54.999	-35.71
157.53157	-54.417	-35.55
159.9495	-53.83	-35.4
162.40454	-53.239	-35.26
164.89727	-52.643	-35.12
167.42826	-52.043	-34.99
169.99809	-51.441	-34.86
172.60737	-50.838	-34.74
175.2567	-50.234	-34.62
177.94669	-49.629	-34.51
180.67797	-49.026	-34.4
183.45118	-48.424	-34.3
186.26694	-47.825	-34.2
189.12593	-47.228	-34.11
192.0288	-46.634	-34.02
194.97623	-46.045	-33.94
197.96889	-45.46	-33.86
201.00749	-44.88	-33.78
204.09273	-44.305	-33.71
207.22532	-43.737	-33.65
210.406	-43.174	-33.59
213.63549	-42.618	-33.53
216.91456	-42.069	-33.48
220.24395	-41.528	-33.43
223.62445	-40.995	-33.39
227.05683	-40.47	-33.35
230.54189	-39.954	-33.32
234.08045	-39.447	-33.29
237.67332	-38.95	-33.26
241.32134	-38.463	-33.24
245.02535	-37.986	-33.22
248.78621	-37.521	-33.21
252.6048	-37.068	-33.2
256.482	-36.628	-33.19
260.41871	-36.2	-33.19
264.41584	-35.787	-33.19
268.47433	-35.389	-33.19
272.59511	-35.008	-33.18
276.77913	-34.644	-33.17
281.02738	-34.3	-33.14
285.34083	-33.979	-33.08
289.72049	-33.682	-32.96
294.16738	-33.415	-32.73
298.68251	-33.183	-32.34
303.26695	-32.993	-31.7
307.92176	-32.841	-30.8
312.64801	-32.717	-29.7
317.4468	-32.612	-28.46
322.31925	-32.519	-27.12
327.26649	-32.436	-25.72
332.28966	-32.359	-24.28
337.38993	-32.286	-22.81
342.56849	-32.218	-21.3
347.82653	-32.154	-19.76
353.16527	-32.093	-18.2
358.58596	-32.036	-16.61
364.08985	-31.982	-15.01
369.67822	-31.93	-13.38
375.35236	-31.882	-11.73
381.1136	-31.837	-10.06
386.96326	-31.795	-8.36
392.90271	-31.757	-6.65
398.93333	-31.723	-4.9
405.0565	-31.693	-3.13
411.27366	-31.666	-1.34
417.58625	-31.643	0.48
423.99573	-31.622	2.32
430.50358	-31.605	4.18
437.11133	-31.592	6.06
443.82049	-31.581	7.98
450.63264	-31.573	9.92
457.54934	-31.565	11.89
464.57221	-31.557	13.88
471.70287	-31.545	15.91
478.94297	-31.522	17.95
486.29421	-31.48	20.02
493.75827	-31.404	22.11
501.33691	-31.272	24.22
509.03186	-31.063	26.32
516.84493	-30.763	28.4
524.77791	-30.374	30.43
532.83266	-29.911	32.38
541.01104	-29.392	34.2
549.31495	-28.83	35.88
557.74632	-28.237	37.38
566.30709	-27.622	38.67
574.99927	-26.994	39.76
583.82486	-26.358	40.62
592.78591	-25.72	41.28
601.88451	-25.086	41.73
611.12275	-24.46	41.98
620.5028	-23.844	42.04
630.02682	-23.242	41.93
639.69702	-22.655	41.65
649.51565	-22.085	41.23
659.48498	-21.532	40.67
669.60733	-20.996	39.98
679.88505	-20.478	39.21
690.32051	-19.978	38.34
700.91615	-19.497	37.41
711.67443	-19.032	36.41
722.59783	-18.585	35.36
733.68889	-18.153	34.27
744.95018	-17.736	33.15
756.38433	-17.333	32
767.99398	-16.941	30.82
779.78182	-16.559	29.62
791.75059	-16.187	28.42
803.90307	-15.821	27.21
816.24207	-15.459	26
828.77047	-15.099	24.8
841.49116	-14.74	23.59
854.4071	-14.378	22.38
867.52128	-14.011	21.17
880.83675	-13.636	19.95
894.35661	-13.251	18.71
908.08397	-12.854	17.44
922.02203	-12.446	16.15
936.17403	-12.026	14.8
950.54325	-11.594	13.41
965.13301	-11.152	11.95
979.94672	-10.702	10.43
994.98779	-10.248	8.86
1010.2597	-9.792	7.24
1025.7661	-9.337	5.61
1041.5104	-8.887	3.99
1057.4964	-8.443	2.42
1073.7278	-8.007	0.96
1090.2083	-7.576	-0.35
1106.9418	-7.147	-1.43
1123.9321	-6.712	-2.24
1141.1832	-6.26	-2.75
1158.6991	-5.78	-2.95
1176.4838	-5.258	-2.86
1194.5415	-4.684	-2.5
1212.8764	-4.051	-1.98
1231.4926	-3.357	-1.41
1250.3947	-2.609	-0.9
1269.5868	-1.817	-0.56
1289.0735	-0.999	-0.47
1308.8594	-0.171	-0.67
1328.9489	0.65	-1.17
1349.3467	1.45	-1.94
1370.0577	2.219	-2.93
1391.0865	2.952	-4.07
1412.4381	3.648	-5.28
1434.1175	4.311	-6.49
1456.1296	4.946	-7.67
1478.4795	5.561	-8.76
1501.1725	6.165	-9.78
1524.2138	6.762	-10.75
1547.6088	7.356	-11.72
1571.3628	7.945	-12.75
1595.4815	8.524	-13.9
1619.9703	9.086	-15.2
1644.835	9.621	-16.66
1670.0814	10.123	-18.29
1695.7152	10.583	-20.02
1721.7426	10.998	-21.8
1748.1694	11.367	-23.55
1775.0018	11.693	-25.2
1802.2461	11.984	-26.68
1829.9085	12.25	-27.93
1857.9955	12.505	-28.93
1886.5137	12.764	-29.68
1915.4695	13.037	-30.21
1944.8698	13.332	-30.58
1974.7214	13.654	-30.85
2005.0311	14	-31.09
2035.8061	14.364	-31.33
2067.0534	14.739	-31.56
2098.7804	15.124	-31.73
2130.9943	15.518	-31.8
2163.7026	15.93	-31.73
2196.913	16.371	-31.5
2230.6332	16.851	-31.17
2264.8709	17.371	-30.81
2299.6341	17.929	-30.49
2334.9309	18.515	-30.3
2370.7694	19.114	-30.26
2407.158	19.716	-30.37
2444.1052	20.314	-30.59
2481.6195	20.905	-30.89
2519.7095	21.489	-31.25
2558.3842	22.063	-31.66
2597.6525	22.629	-32.09
2637.5236	23.186	-32.54
2678.0066	23.738	-32.98
2719.111	24.29	-33.41
2760.8462	24.846	-33.85
2803.2221	25.41	-34.33
2846.2484	25.983	-34.89
2889.9351	26.564	-35.57
2934.2924	27.148	-36.41
2979.3304	27.732	-37.39
3025.0598	28.312	-38.52
3071.4911	28.887	-39.82
3118.635	29.45	-41.31
3166.5025	29.989	-42.98
3215.1047	30.492	-44.78
3264.453	30.948	-46.61
3314.5586	31.358	-48.32
3365.4334	31.736	-49.77
3417.089	32.1	-50.89
3469.5375	32.471	-51.68
3522.7909	32.863	-52.22
3576.8618	33.276	-52.59
3631.7626	33.705	-52.88
3687.5061	34.143	-53.08
3744.1051	34.588	-53.17
3801.5729	35.047	-53.1
3859.9228	35.528	-52.84
3919.1682	36.047	-52.4
3979.323	36.62	-51.82
4040.4011	37.257	-51.22
4102.4167	37.959	-50.71
4165.3842	38.72	-50.42
4229.3182	39.53	-50.44
4294.2334	40.374	-50.85
4360.1451	41.235	-51.75
4427.0684	42.091	-53.16
4495.0189	42.922	-55.05
4564.0123	43.715	-57.36
4634.0648	44.463	-59.98
4705.1924	45.165	-62.82
4777.4118	45.823	-65.8
4850.7397	46.439	-68.84
4925.1931	47.022	-71.89
5000.7893	47.575	-74.91
5077.5457	48.104	-77.87
5155.4803	48.618	-80.69
5234.6111	49.134	-83.31
5314.9565	49.677	-85.77
5396.5351	50.262	-88.22
5479.3658	50.887	-90.86
5563.4679	51.536	-93.88
5648.8609	52.181	-97.38
5735.5645	52.8	-101.38
5823.599	53.375	-105.84
5912.9846	53.893	-110.71
6003.7423	54.337	-115.94
6095.8929	54.698	-121.4
6189.458	54.972	-126.95
6284.4592	55.163	-132.49
6380.9186	55.275	-137.95
6478.8585	55.309	-143.27
6578.3016	55.257	-148.38
6679.2712	55.118	-153.15
6781.7904	54.896	-157.42
6885.8833	54.606	-161.06
6991.5738	54.263	-163.96
7098.8866	53.885	-166
7207.8465	53.505	-167.05
7318.4788	53.17	-167.05
7430.8092	52.94	-166.14
7544.8637	52.861	-164.61
7660.6689	52.951	-162.86
7778.2515	53.201	-161.27
7897.6389	53.577	-160.15
8018.8587	54.031	-159.63
8141.9391	54.519	-159.71
8266.9087	55.019	-160.27
8393.7964	55.532	-161.16
8522.6317	56.069	-162.38
8653.4445	56.635	-164.06
8786.2651	57.218	-166.4
8921.1244	57.78	-169.55
9058.0536	58.272	-173.51
9197.0845	58.654	-178.12
9338.2494	58.91	176.91
9481.581	59.037	171.83
9627.1125	59.037	166.81
9774.8778	58.906	162.05
9924.9112	58.647	157.85
10077.247	58.284	154.54
10231.922	57.872	152.36
10388.97	57.485	151.29
10548.429	57.188	151.04
10710.336	57.011	151.2
10874.727	56.943	151.4
11041.642	56.949	151.46
11211.119	57	151.38
11383.197	57.085	151.2
11557.916	57.204	150.92
11735.317	57.352	150.42
11915.441	57.504	149.66
12098.329	57.641	148.76
12284.025	57.762	147.92
12472.571	57.892	147.22
12664.011	58.054	146.63
12858.389	58.255	145.99
13055.751	58.488	145.19
13256.142	58.743	144.14
13459.609	59.011	142.83
13666.199	59.287	141.24
13875.959	59.55	139.32
14088.94	59.782	137.11
14305.189	59.973	134.69
14524.758	60.127	132.17
14747.696	60.256	129.61
14974.057	60.37	127.01
15203.892	60.476	124.37
15437.254	60.575	121.63
15674.199	60.662	118.69
15914.78	60.717	115.52
16159.054	60.719	112.14
16407.077	60.653	108.72
16658.907	60.525	105.41
16914.603	60.35	102.25
17174.223	60.129	99.22
17437.828	59.842	96.38
17705.479	59.479	93.96
17977.238	59.066	92.22
18253.168	58.655	91.22
18533.334	58.29	90.85
18817.799	57.994	90.9
19106.631	57.772	91.21
19399.897	57.628	91.62
19697.663	57.553	91.96
20000	57.532	92.1
