300	39.72	170.7
302.54064	39.67	171.2
305.1028	39.59	171.8
307.68665	39.51	172.6
310.29239	39.42	173.3
312.92019	39.33	174.1
315.57025	39.24	174.9
318.24276	39.14	175.7
320.93789	39.05	176.6
323.65585	38.95	177.4
326.39683	38.85	178.3
329.16102	38.75	179.1
331.94862	38.65	180
334.75982	38.55	-179.1
337.59484	38.45	-178.3
340.45386	38.35	-177.4
343.3371	38.24	-176.5
346.24475	38.14	-175.6
349.17703	38.03	-174.7
352.13414	37.93	-173.7
355.1163	37.82	-172.8
358.12371	37.71	-171.9
361.15658	37.6	-170.9
364.21515	37.49	-170
367.29961	37.38	-169
370.4102	37.27	-168.1
373.54713	37.16	-167.1
376.71063	37.05	-166.1
379.90092	36.93	-165.1
383.11822	36.82	-164.1
386.36277	36.7	-163.1
389.6348	36.58	-162.1
392.93454	36.47	-161.1
396.26223	36.35	-160
399.61809	36.23	-159
403.00238	36.1	-157.9
406.41533	35.98	-156.9
409.85718	35.86	-155.8
413.32818	35.73	-154.7
416.82857	35.61	-153.6
420.35861	35.48	-152.5
423.91855	35.35	-151.4
427.50863	35.23	-150.3
431.12911	35.1	-149.2
434.78026	34.97	-148.1
438.46233	34.83	-146.9
442.17558	34.7	-145.8
445.92028	34.57	-144.6
449.69669	34.43	-143.4
453.50508	34.29	-142.2
457.34572	34.16	-141.1
461.21889	34.02	-139.9
465.12487	33.88	-138.6
469.06392	33.74	-137.4
473.03632	33.59	-136.2
477.04238	33.45	-134.9
481.08235	33.31	-133.7
485.15654	33.16	-132.4
489.26524	33.02	-131.1
493.40873	32.88	-129.9
497.58731	32.75	-128.6
501.80128	32.63	-127.2
506.05093	32.55	-125.9
510.33658	32.52	-124.6
514.65852	32.54	-123.3
519.01706	32.61	-121.9
523.41251	32.72	-120.6
527.84519	32.85	-119.3
532.3154	33	-118
536.82348	33.16	-116.8
541.36973	33.34	-115.6
545.95448	33.53	-114.5
550.57806	33.73	-113.4
555.2408	33.93	-112.4
559.94302	34.14	-111.4
564.68507	34.36	-110.5
569.46728	34.59	-109.7
574.28998	34.81	-109
579.15353	35.04	-108.3
584.05827	35.27	-107.8
589.00454	35.5	-107.2
593.9927	35.73	-106.8
599.02311	35.96	-106.4
604.09612	36.19	-106.1
609.21209	36.41	-105.8
614.37138	36.63	-105.6
619.57437	36.85	-105.5
624.82143	37.06	-105.4
630.11292	37.27	-105.3
635.44922	37.47	-105.3
640.83071	37.67	-105.4
646.25778	37.86	-105.5
651.73081	38.05	-105.6
657.25019	38.23	-105.8
662.81631	38.4	-106
668.42957	38.57	-106.3
674.09037	38.74	-106.6
679.7991	38.9	-106.9
685.55619	39.05	-107.2
691.36203	39.2	-107.5
697.21704	39.34	-107.9
703.12163	39.48	-108.3
709.07623	39.61	-108.7
715.08125	39.73	-109.1
721.13713	39.85	-109.5
727.2443	39.97	-110
733.40319	40.08	-110.4
739.61424	40.18	-110.9
745.87788	40.28	-111.3
752.19457	40.38	-111.8
758.56476	40.47	-112.2
764.98889	40.56	-112.7
771.46743	40.65	-113.2
778.00084	40.73	-113.7
784.58957	40.81	-114.2
791.23411	40.88	-114.7
797.93491	40.96	-115.1
804.69247	41.03	-115.6
811.50725	41.1	-116.1
818.37974	41.17	-116.6
825.31044	41.24	-117
832.29983	41.31	-117.5
839.34841	41.38	-118
846.45668	41.45	-118.5
853.62516	41.52	-118.9
860.85434	41.59	-119.4
868.14475	41.66	-119.8
875.49689	41.74	-120.3
882.9113	41.82	-120.7
890.3885	41.91	-121.2
897.92903	41.99	-121.7
905.53341	42.09	-122.1
913.20219	42.19	-122.6
920.93592	42.29	-123.1
928.73514	42.4	-123.6
936.60042	42.51	-124.1
944.5323	42.63	-124.6
952.53136	42.75	-125.2
960.59816	42.88	-125.8
968.73327	43.01	-126.4
976.93728	43.14	-127
985.21077	43.28	-127.7
993.55433	43.42	-128.4
1001.9685	43.56	-129.1
1010.454	43.7	-129.8
1019.0113	43.84	-130.6
1027.6412	43.98	-131.3
1036.344	44.12	-132.1
1045.1206	44.26	-132.8
1053.9716	44.39	-133.6
1062.8974	44.51	-134.3
1071.8989	44.64	-135
1080.9766	44.75	-135.7
1090.1312	44.87	-136.3
1099.3633	44.97	-136.8
1108.6736	45.08	-137.2
1118.0627	45.18	-137.5
1127.5314	45.28	-137.7
1137.0802	45.39	-137.8
1146.7099	45.49	-137.8
1156.4212	45.61	-137.6
1166.2147	45.74	-137.3
1176.0911	45.88	-136.9
1186.0512	46.04	-136.3
1196.0956	46.23	-135.6
1206.2251	46.44	-134.9
1216.4404	46.67	-134.1
1226.7422	46.93	-133.2
1237.1312	47.22	-132.4
1247.6082	47.54	-131.7
1258.174	47.87	-131
1268.8292	48.23	-130.5
1279.5747	48.6	-130
1290.4111	48.98	-129.7
1301.3394	49.37	-129.5
1312.3602	49.75	-129.5
1323.4743	50.14	-129.6
1334.6825	50.51	-129.8
1345.9857	50.88	-130.1
1357.3846	51.23	-130.5
1368.88	51.57	-131
1380.4728	51.89	-131.6
1392.1637	52.2	-132.1
1403.9537	52.49	-132.7
1415.8435	52.76	-133.3
1427.834	53.02	-133.8
1439.926	53.27	-134.3
1452.1205	53.5	-134.8
1464.4182	53.73	-135.2
1476.8201	53.95	-135.6
1489.327	54.17	-135.8
1501.9398	54.39	-136.1
1514.6594	54.61	-136.3
1527.4868	54.83	-136.4
1540.4227	55.06	-136.6
1553.4683	55.29	-136.8
1566.6243	55.53	-137
1579.8917	55.77	-137.2
1593.2715	56.01	-137.6
1606.7646	56.24	-138
1620.372	56.48	-138.4
1634.0946	56.7	-139
1647.9334	56.92	-139.7
1661.8894	57.12	-140.4
1675.9636	57.31	-141.2
1690.1571	57.49	-142.1
1704.4707	57.64	-143
1718.9055	57.78	-143.9
1733.4626	57.9	-144.8
1748.1429	58	-145.7
1762.9476	58.08	-146.5
1777.8776	58.14	-147.3
1792.9341	58.19	-148
1808.1181	58.22	-148.7
1823.4307	58.24	-149.2
1838.873	58.26	-149.6
1854.446	58.27	-149.9
1870.151	58.29	-150.1
1885.9889	58.31	-150.1
1901.961	58.34	-150.1
1918.0683	58.38	-150
1934.3121	58.43	-149.8
1950.6934	58.5	-149.6
1967.2134	58.58	-149.3
1983.8733	58.68	-149.1
2000.6744	58.79	-149
2017.6177	58.91	-148.9
2034.7045	59.03	-148.8
2051.936	59.15	-148.8
2069.3134	59.27	-148.8
2086.838	59.39	-148.8
2104.5111	59.5	-148.7
2122.3337	59.6	-148.7
2140.3074	59.71	-148.5
2158.4332	59.81	-148.2
2176.7126	59.93	-147.9
2195.1467	60.05	-147.4
2213.737	60.2	-146.8
2232.4847	60.36	-146.2
2251.3911	60.55	-145.6
2270.4577	60.76	-145
2289.6858	60.99	-144.4
2309.0767	61.24	-143.9
2328.6318	61.5	-143.5
2348.3525	61.77	-143.2
2368.2402	62.03	-143
2388.2964	62.29	-142.9
2408.5224	62.55	-142.9
2428.9197	62.8	-142.8
2449.4897	63.05	-142.8
2470.234	63.29	-142.8
2491.1539	63.53	-142.8
2512.251	63.77	-142.8
2533.5268	64	-142.8
2554.9827	64.24	-142.9
2576.6203	64.47	-142.9
2598.4412	64.69	-143
2620.4469	64.91	-143
2642.6389	65.13	-143.1
2665.0189	65.34	-143.2
2687.5885	65.54	-143.2
2710.3491	65.75	-143.2
2733.3025	65.95	-143.2
2756.4503	66.17	-143.1
2779.7941	66.38	-143
2803.3357	66.61	-143
2827.0766	66.84	-143
2851.0185	67.08	-143
2875.1632	67.33	-143.1
2899.5124	67.57	-143.3
2924.0678	67.82	-143.6
2948.8312	68.06	-143.9
2973.8042	68.31	-144.2
2998.9888	68.55	-144.6
3024.3866	68.79	-145
3049.9996	69.04	-145.4
3075.8294	69.29	-145.9
3101.878	69.55	-146.5
3128.1472	69.81	-147.2
3154.6388	70.06	-148
3181.3548	70.31	-148.9
3208.2971	70.54	-150
3235.4675	70.74	-151.1
3262.8681	70.91	-152.3
3290.5007	71.05	-153.4
3318.3673	71.16	-154.4
3346.4699	71.25	-155.3
3374.8104	71.32	-155.9
3403.391	71.39	-156.3
3432.2137	71.47	-156.5
3461.2804	71.56	-156.5
3490.5933	71.68	-156.4
3520.1545	71.81	-156.3
3549.966	71.97	-156.1
3580.0299	72.13	-156
3610.3485	72.31	-156
3640.9238	72.48	-155.9
3671.7581	72.64	-155.9
3702.8535	72.8	-155.9
3734.2122	72.95	-155.9
3765.8365	73.1	-155.8
3797.7286	73.25	-155.6
3829.8908	73.39	-155.3
3862.3254	73.54	-155
3895.0347	73.69	-154.4
3928.021	73.86	-153.8
3961.2866	74.05	-153.1
3994.8339	74.27	-152.3
4028.6654	74.52	-151.4
4062.7834	74.8	-150.7
4097.1903	75.11	-150
4131.8886	75.45	-149.4
4166.8807	75.8	-148.9
4202.1692	76.18	-148.5
4237.7565	76.57	-148.2
4273.6453	76.98	-148
4309.8379	77.41	-148
4346.3371	77.86	-148.3
4383.1453	78.31	-148.7
4420.2653	78.76	-149.4
4457.6997	79.2	-150.4
4495.4511	79.62	-151.5
4533.5221	80.02	-152.8
4571.9156	80.4	-154.2
4610.6343	80.75	-155.7
4649.6808	81.09	-157.1
4689.0581	81.42	-158.7
4728.7688	81.73	-160.3
4768.8158	82.02	-162
4809.2019	82.29	-163.6
4849.9301	82.54	-165.2
4891.0032	82.78	-166.8
4932.4241	83.02	-168.3
4974.1959	83.25	-169.9
5016.3214	83.48	-171.5
5058.8036	83.69	-173.1
5101.6456	83.88	-174.8
5144.8504	84.04	-176.3
5188.4211	84.19	-177.7
5232.3608	84.33	-178.8
5276.6727	84.5	-179.7
5321.3598	84.69	179.6
5366.4253	84.91	178.9
5411.8725	85.18	178.1
5457.7046	85.48	177.3
5503.9248	85.8	176.3
5550.5364	86.15	175
5597.5428	86.5	173.4
5644.9473	86.84	171.5
5692.7533	87.16	169.5
5740.9641	87.46	167.2
5789.5831	87.74	164.9
5838.614	88.02	162.5
5888.06	88.29	159.8
5937.9249	88.53	157
5988.212	88.74	154
6038.9249	88.92	150.9
6090.0674	89.05	147.7
6141.643	89.14	144.5
6193.6553	89.2	141.4
6246.1082	89.24	138.4
6299.0052	89.25	135.4
6352.3503	89.24	132.5
6406.147	89.22	129.6
6460.3994	89.18	126.7
6515.1113	89.12	123.8
6570.2865	89.02	120.8
6625.9289	88.88	117.9
6682.0426	88.68	115.1
6738.6315	88.46	112.6
6795.6996	88.2	110.3
6853.2511	87.93	108.2
6911.2899	87.64	106.4
6969.8202	87.34	104.7
7028.8463	87.01	103.2
7088.3722	86.66	102
7148.4022	86.28	101.1
7208.9406	85.88	100.7
7269.9917	85.48	100.9
7331.5598	85.11	101.7
7393.6493	84.81	103.1
7456.2647	84.57	104.8
7519.4103	84.42	106.7
7583.0907	84.35	108.7
7647.3104	84.36	110.7
7712.0739	84.44	112.6
7777.386	84.6	114.2
7843.2511	84.81	115.6
7909.6741	85.07	116.4
7976.6595	85.35	116.9
8044.2123	85.62	117
8112.3371	85.86	116.8
8181.0389	86.08	116.4
8250.3225	86.27	115.9
8320.1928	86.45	115.5
8390.6549	86.62	115.2
8461.7137	86.81	115
8533.3743	87.01	114.8
8605.6417	87.26	114.6
8678.5212	87.56	114.3
8752.0179	87.89	113.6
8826.137	88.26	112.5
8900.8838	88.63	110.9
8976.2636	88.99	108.8
9052.2818	89.29	106.2
9128.9438	89.52	103.2
9206.255	89.68	100.1
9284.2209	89.78	97
9362.8472	89.82	93.9
9442.1393	89.82	91
9522.1029	89.8	88
9602.7437	89.74	85.1
9684.0674	89.64	82
9766.0798	89.48	78.9
9848.7868	89.25	75.8
9932.1943	88.93	73
10016.308	88.55	70.6
10101.134	88.1	68.8
10186.679	87.62	67.7
10272.948	87.15	67.4
10359.947	86.72	67.7
10447.684	86.38	68.5
10536.163	86.12	69.7
10625.392	85.96	70.9
10715.376	85.88	71.9
10806.122	85.86	72.7
10897.637	85.87	73.2
10989.927	85.88	73.4
11082.999	85.88	73.4
11176.858	85.86	73.3
11271.513	85.82	73.2
11366.969	85.78	73.4
11463.234	85.76	73.8
11560.314	85.78	74.2
11658.216	85.84	74.4
11756.947	85.94	74.3
11856.514	86.03	73.8
11956.925	86.09	73
12058.185	86.09	72.1
12160.304	86.05	71.4
12263.287	85.98	71
12367.142	85.91	70.8
12471.877	85.86	70.9
12577.499	85.85	71.1
12684.015	85.88	71.3
12791.434	85.95	71.5
12899.762	86.03	71.6
13009.007	86.12	71.5
13119.178	86.21	71.2
13230.282	86.29	70.8
13342.326	86.37	70.3
13455.32	86.47	69.9
13569.27	86.59	69.4
13684.186	86.73	68.7
13800.075	86.87	67.9
13916.945	87	66.9
14034.804	87.09	65.6
14153.662	87.15	64.2
14273.527	87.18	62.9
14394.407	87.18	61.5
14516.31	87.17	60.2
14639.246	87.16	59
14763.223	87.15	57.8
14888.25	87.14	56.6
15014.335	87.13	55.4
15141.489	87.12	54.3
15269.719	87.11	53.2
15399.035	87.11	52.1
15529.446	87.13	51
15660.962	87.17	49.7
15793.592	87.21	48.2
15927.345	87.23	46.4
16062.23	87.22	44.4
16198.258	87.16	42.3
16335.438	87.05	40.2
16473.779	86.89	38.3
16613.293	86.7	36.6
16753.987	86.52	35.1
16895.873	86.36	33.8
17038.961	86.23	32.4
17183.261	86.11	30.8
17328.782	85.94	28.9
17475.537	85.71	26.9
17623.533	85.38	25
17772.784	84.98	23.5
17923.298	84.55	22.7
18075.087	84.13	22.4
18228.161	83.76	22.6
18382.532	83.45	23
18538.21	83.18	23.5
18695.206	82.95	24.1
18853.532	82.75	24.7
19013.199	82.57	25.4
19174.218	82.41	26.2
19336.601	82.29	27
19500.358	82.21	27.9
19665.503	82.16	28.7
19832.046	82.14	29.3
20000	82.13	29.5